<?xml version="1.0" encoding="UTF-8"?>
<testng-results ignored="0" total="1" passed="1" failed="0" skipped="0">
  <reporter-output>
    <line>
      <![CDATA[Browser is laucnhed]]>
    </line>
    <line>
      <![CDATA[Window is maximized]]>
    </line>
    <line>
      <![CDATA[Navigated to application]]>
    </line>
    <line>
      <![CDATA[Clicked on Register button]]>
    </line>
    <line>
      <![CDATA[Clicked on Radio button]]>
    </line>
    <line>
      <![CDATA[Succesfully entered firstName]]>
    </line>
    <line>
      <![CDATA[Succesfully entered lastName]]>
    </line>
    <line>
      <![CDATA[Succesfully entered Email]]>
    </line>
    <line>
      <![CDATA[Succesfully entered Password]]>
    </line>
    <line>
      <![CDATA[Succesfully entered ConfirmPassword]]>
    </line>
    <line>
      <![CDATA[Succesfully Logged in to the application]]>
    </line>
    <line>
      <![CDATA[Logged out from application]]>
    </line>
    <line>
      <![CDATA[Quitted the browser]]>
    </line>
  </reporter-output>
  <suite started-at="2022-08-09T16:00:23 IST" name="Default suite" finished-at="2022-08-09T16:00:45 IST" duration-ms="22216">
    <groups>
    </groups>
    <test started-at="2022-08-09T16:00:23 IST" name="Default test" finished-at="2022-08-09T16:00:45 IST" duration-ms="22216">
      <class name="register.TC_DWS_03_Test">
        <test-method is-config="true" signature="launchBrowser()[pri:0, instance:register.TC_DWS_03_Test@4b0d79fc]" started-at="2022-08-09T16:00:10 IST" name="launchBrowser" finished-at="2022-08-09T16:00:23 IST" duration-ms="12288" status="PASS">
          <reporter-output>
            <line>
              <![CDATA[Browser is laucnhed]]>
            </line>
            <line>
              <![CDATA[Window is maximized]]>
            </line>
          </reporter-output>
        </test-method> <!-- launchBrowser -->
        <test-method is-config="true" signature="NavigatingToApplication()[pri:0, instance:register.TC_DWS_03_Test@4b0d79fc]" started-at="2022-08-09T16:00:23 IST" name="NavigatingToApplication" finished-at="2022-08-09T16:00:38 IST" duration-ms="15707" status="PASS">
          <reporter-output>
            <line>
              <![CDATA[Navigated to application]]>
            </line>
          </reporter-output>
        </test-method> <!-- NavigatingToApplication -->
        <test-method signature="Validate_Register_invalid_credentials()[pri:0, instance:register.TC_DWS_03_Test@4b0d79fc]" started-at="2022-08-09T16:00:38 IST" name="Validate_Register_invalid_credentials" finished-at="2022-08-09T16:00:45 IST" duration-ms="6402" status="PASS">
          <reporter-output>
            <line>
              <![CDATA[Clicked on Register button]]>
            </line>
            <line>
              <![CDATA[Clicked on Radio button]]>
            </line>
            <line>
              <![CDATA[Succesfully entered firstName]]>
            </line>
            <line>
              <![CDATA[Succesfully entered lastName]]>
            </line>
            <line>
              <![CDATA[Succesfully entered Email]]>
            </line>
            <line>
              <![CDATA[Succesfully entered Password]]>
            </line>
            <line>
              <![CDATA[Succesfully entered ConfirmPassword]]>
            </line>
            <line>
              <![CDATA[Succesfully Logged in to the application]]>
            </line>
          </reporter-output>
        </test-method> <!-- Validate_Register_invalid_credentials -->
        <test-method is-config="true" signature="logoutOperation(org.testng.ITestResult)[pri:0, instance:register.TC_DWS_03_Test@4b0d79fc]" started-at="2022-08-09T16:00:45 IST" name="logoutOperation" finished-at="2022-08-09T16:00:45 IST" duration-ms="8" status="PASS">
          <params>
            <param index="0">
              <value>
                <![CDATA[[TestResult name=Validate_Register_invalid_credentials status=SUCCESS method=TC_DWS_03_Test.Validate_Register_invalid_credentials()[pri:0, instance:register.TC_DWS_03_Test@4b0d79fc] output=Clicked on Register button]]]>
              </value>
            </param>
          </params>
          <reporter-output>
            <line>
              <![CDATA[Logged out from application]]>
            </line>
          </reporter-output>
        </test-method> <!-- logoutOperation -->
        <test-method is-config="true" signature="tearDownTheBrowser()[pri:0, instance:register.TC_DWS_03_Test@4b0d79fc]" started-at="2022-08-09T16:00:45 IST" name="tearDownTheBrowser" finished-at="2022-08-09T16:00:45 IST" duration-ms="313" status="PASS">
          <reporter-output>
            <line>
              <![CDATA[Quitted the browser]]>
            </line>
          </reporter-output>
        </test-method> <!-- tearDownTheBrowser -->
      </class> <!-- register.TC_DWS_03_Test -->
    </test> <!-- Default test -->
  </suite> <!-- Default suite -->
</testng-results>
